<?xml version="1.0" encoding="UTF-8"?>
<!-- Generated by org.testng.reporters.JUnitReportReporter -->
<testsuite skipped="0" hostname="PC009808" name="APITest.ExecutionClass" tests="3" failures="0" timestamp="23 Aug 2018 15:21:23 GMT" time="6.605" errors="0">
  <testcase name="getAllCountries" time="5.355" classname="APITest.ExecutionClass"/>
  <testcase name="getEachCountryAndValidate" time="0.952" classname="APITest.ExecutionClass"/>
  <testcase name="addNewCountry" time="0.298" classname="APITest.ExecutionClass"/>
</testsuite> <!-- APITest.ExecutionClass -->
