<?xml version="1.0" encoding="UTF-8"?>
<!-- Generated by org.testng.reporters.JUnitReportReporter -->
<testsuite skipped="0" hostname="PC009808" name="common.UIAutomationTest.ExecutionClass" tests="6" failures="0" timestamp="23 Aug 2018 14:18:41 GMT" time="218.210" errors="0">
  <testcase name="signUp" time="28.143" classname="common.UIAutomationTest.ExecutionClass"/>
  <testcase name="logInTest" time="14.307" classname="common.UIAutomationTest.ExecutionClass"/>
  <testcase name="checkoutTest" time="49.498" classname="common.UIAutomationTest.ExecutionClass"/>
  <testcase name="logInTest" time="29.252" classname="common.UIAutomationTest.ExecutionClass"/>
  <testcase name="checkoutTest" time="53.533" classname="common.UIAutomationTest.ExecutionClass"/>
  <testcase name="signUp" time="43.477" classname="common.UIAutomationTest.ExecutionClass"/>
</testsuite> <!-- common.UIAutomationTest.ExecutionClass -->
