<?xml version="1.0" encoding="UTF-8"?>
<!-- Generated by org.testng.reporters.JUnitReportReporter -->
<testsuite skipped="0" hostname="PC009808" name="UIAutomationTest.SignIn" tests="1" failures="0" timestamp="18 Aug 2018 18:53:00 GMT" time="10.349" errors="0">
  <testcase name="Method1" time="10.349" classname="UIAutomationTest.SignIn"/>
</testsuite> <!-- UIAutomationTest.SignIn -->
