<?xml version="1.0" encoding="UTF-8"?>
<!-- Generated by org.testng.reporters.JUnitReportReporter -->
<testsuite skipped="0" hostname="PC009808" name="UIAutomationTest.AutomationPractice" tests="1" failures="0" timestamp="18 Aug 2018 20:41:21 GMT" time="12.135" errors="0">
  <testcase name="signUp" time="12.135" classname="UIAutomationTest.AutomationPractice"/>
</testsuite> <!-- UIAutomationTest.AutomationPractice -->
