<?xml version="1.0" encoding="UTF-8"?>
<!-- Generated by org.testng.reporters.JUnitReportReporter -->
<testsuite skipped="0" hostname="PC009808" name="common.UIAutomationTest.AutomationPractice" tests="3" failures="0" timestamp="21 Aug 2018 11:20:40 GMT" time="18.726" errors="0">
  <testcase name="signUp" time="11.050" classname="common.UIAutomationTest.AutomationPractice"/>
  <testcase name="signOut" time="4.586" classname="common.UIAutomationTest.AutomationPractice"/>
  <testcase name="logIn" time="3.090" classname="common.UIAutomationTest.AutomationPractice"/>
</testsuite> <!-- common.UIAutomationTest.AutomationPractice -->
