<?xml version="1.0" encoding="UTF-8"?>
<!-- Generated by org.testng.reporters.JUnitReportReporter -->
<testsuite skipped="0" hostname="PC009808" name="common.UIAutomationTest.ExecutionClass" tests="6" failures="0" timestamp="24 Aug 2018 12:52:54 GMT" time="161.440" errors="0">
  <testcase name="logInTest" time="16.699" classname="common.UIAutomationTest.ExecutionClass"/>
  <testcase name="logInTest" time="24.646" classname="common.UIAutomationTest.ExecutionClass"/>
  <testcase name="checkoutTest" time="37.789" classname="common.UIAutomationTest.ExecutionClass"/>
  <testcase name="checkoutTest" time="33.800" classname="common.UIAutomationTest.ExecutionClass"/>
  <testcase name="signUp" time="23.969" classname="common.UIAutomationTest.ExecutionClass"/>
  <testcase name="signUp" time="24.537" classname="common.UIAutomationTest.ExecutionClass"/>
</testsuite> <!-- common.UIAutomationTest.ExecutionClass -->
